This file contains any messages produced by compilers while
running configure, to aid debugging if configure makes a mistake.

It was created by libzip configure 1.1.3, which was
generated by GNU Autoconf 2.69.  Invocation command line was

  $ ./configure 

## --------- ##
## Platform. ##
## --------- ##

hostname = macbook.home
uname -m = x86_64
uname -r = 17.7.0
uname -s = Darwin
uname -v = Darwin Kernel Version 17.7.0: Fri Oct 30 13:34:27 PDT 2020; root:xnu-4570.71.82.8~1/RELEASE_X86_64

/usr/bin/uname -p = i386
/bin/uname -X     = unknown

/bin/arch              = unknown
/usr/bin/arch -k       = unknown
/usr/convex/getsysinfo = unknown
/usr/bin/hostinfo      = Mach kernel version:
	 Darwin Kernel Version 17.7.0: Fri Oct 30 13:34:27 PDT 2020; root:xnu-4570.71.82.8~1/RELEASE_X86_64
Kernel configured for up to 4 processors.
2 processors are physically available.
4 processors are logically available.
Processor type: i486 (Intel 80486)
Processors active: 0 1 2 3
Primary memory available: 8.00 gigabytes
Default processor set: 414 tasks, 1919 threads, 4 processors
Load average: 4.47, Mach factor: 1.34
/bin/machine           = unknown
/usr/bin/oslevel       = unknown
/bin/universe          = unknown

PATH: /opt/local/bin
PATH: /usr/local/bin
PATH: /usr/bin
PATH: /bin
PATH: /usr/sbin
PATH: /sbin
PATH: /opt/X11/bin
PATH: /usr/local/MacGPG2/bin
PATH: /Library/Frameworks/Mono.framework/Versions/Current/Commands


## ----------- ##
## Core tests. ##
## ----------- ##

configure:2604: checking for a BSD-compatible install
configure:2672: result: /usr/bin/install -c
configure:2683: checking whether build environment is sane
configure:2738: result: yes
configure:2889: checking for a thread-safe mkdir -p
configure:2928: result: ./install-sh -c -d
configure:2935: checking for gawk
configure:2965: result: no
configure:2935: checking for mawk
configure:2965: result: no
configure:2935: checking for nawk
configure:2965: result: no
configure:2935: checking for awk
configure:2951: found /usr/bin/awk
configure:2962: result: awk
configure:2973: checking whether make sets $(MAKE)
configure:2995: result: yes
configure:3024: checking whether make supports nested variables
configure:3041: result: yes
configure:3172: checking build system type
configure:3186: result: x86_64-apple-darwin17.7.0
configure:3206: checking host system type
configure:3219: result: x86_64-apple-darwin17.7.0
configure:3296: checking for gcc
configure:3312: found /usr/bin/gcc
configure:3323: result: gcc
configure:3552: checking for C compiler version
configure:3561: gcc --version >&5
Apple LLVM version 9.1.0 (clang-902.0.39.2)
Target: x86_64-apple-darwin17.7.0
Thread model: posix
InstalledDir: /Applications/Xcode.app/Contents/Developer/Toolchains/XcodeDefault.xctoolchain/usr/bin
Configured with: --prefix=/Applications/Xcode.app/Contents/Developer/usr --with-gxx-include-dir=/Applications/Xcode.app/Contents/Developer/Platforms/MacOSX.platform/Developer/SDKs/MacOSX10.13.sdk/usr/include/c++/4.2.1
configure:3572: $? = 0
configure:3561: gcc -v >&5
Configured with: --prefix=/Applications/Xcode.app/Contents/Developer/usr --with-gxx-include-dir=/Applications/Xcode.app/Contents/Developer/Platforms/MacOSX.platform/Developer/SDKs/MacOSX10.13.sdk/usr/include/c++/4.2.1
Apple LLVM version 9.1.0 (clang-902.0.39.2)
Target: x86_64-apple-darwin17.7.0
Thread model: posix
InstalledDir: /Applications/Xcode.app/Contents/Developer/Toolchains/XcodeDefault.xctoolchain/usr/bin
configure:3572: $? = 0
configure:3561: gcc -V >&5
clang: error: argument to '-V' is missing (expected 1 value)
clang: error: no input files
configure:3572: $? = 1
configure:3561: gcc -qversion >&5
clang: error: unknown argument: '-qversion'
clang: error: no input files
configure:3572: $? = 1
configure:3592: checking whether the C compiler works
configure:3614: gcc    conftest.c  >&5
configure:3618: $? = 0
configure:3666: result: yes
configure:3669: checking for C compiler default output file name
configure:3671: result: a.out
configure:3677: checking for suffix of executables
configure:3684: gcc -o conftest    conftest.c  >&5
configure:3688: $? = 0
configure:3710: result: 
configure:3732: checking whether we are cross compiling
configure:3740: gcc -o conftest    conftest.c  >&5
configure:3744: $? = 0
configure:3751: ./conftest
configure:3755: $? = 0
configure:3770: result: no
configure:3775: checking for suffix of object files
configure:3797: gcc -c   conftest.c >&5
configure:3801: $? = 0
configure:3822: result: o
configure:3826: checking whether we are using the GNU C compiler
configure:3845: gcc -c   conftest.c >&5
configure:3845: $? = 0
configure:3854: result: yes
configure:3863: checking whether gcc accepts -g
configure:3883: gcc -c -g  conftest.c >&5
configure:3883: $? = 0
configure:3924: result: yes
configure:3941: checking for gcc option to accept ISO C89
configure:4004: gcc  -c -g -O2  conftest.c >&5
configure:4004: $? = 0
configure:4017: result: none needed
configure:4042: checking whether gcc understands -c and -o together
configure:4064: gcc -c conftest.c -o conftest2.o
configure:4067: $? = 0
configure:4064: gcc -c conftest.c -o conftest2.o
configure:4067: $? = 0
configure:4079: result: yes
configure:4107: checking for style of include used by make
configure:4135: result: GNU
configure:4161: checking dependency style of gcc
configure:4272: result: gcc3
configure:4295: checking for special C compiler options needed for large files
configure:4340: result: no
configure:4346: checking for _FILE_OFFSET_BITS value needed for large files
configure:4371: gcc -c -g -O2  conftest.c >&5
configure:4371: $? = 0
configure:4403: result: no
configure:4515: checking for main in -lz
configure:4534: gcc -o conftest -g -O2   conftest.c -lz   >&5
configure:4534: $? = 0
configure:4543: result: yes
configure:4554: checking new ZLIB version
configure:4570: gcc -c -g -O2  conftest.c >&5
configure:4570: $? = 0
configure:4577: result: yes
configure:4588: WARNING: Libtool does not cope well with whitespace in `pwd`
configure:4632: checking how to print strings
configure:4659: result: printf
configure:4680: checking for a sed that does not truncate output
configure:4744: result: /usr/bin/sed
configure:4762: checking for grep that handles long lines and -e
configure:4820: result: /usr/bin/grep
configure:4825: checking for egrep
configure:4887: result: /usr/bin/grep -E
configure:4892: checking for fgrep
configure:4954: result: /usr/bin/grep -F
configure:4989: checking for ld used by gcc
configure:5056: result: /Applications/Xcode.app/Contents/Developer/Toolchains/XcodeDefault.xctoolchain/usr/bin/ld
configure:5063: checking if the linker (/Applications/Xcode.app/Contents/Developer/Toolchains/XcodeDefault.xctoolchain/usr/bin/ld) is GNU ld
configure:5078: result: no
configure:5090: checking for BSD- or MS-compatible name lister (nm)
configure:5139: result: /usr/bin/nm -B
configure:5269: checking the name lister (/usr/bin/nm -B) interface
configure:5276: gcc -c -g -O2  conftest.c >&5
configure:5279: /usr/bin/nm -B "conftest.o"
configure:5282: output
0000000000000218 S _some_variable
configure:5289: result: BSD nm
configure:5292: checking whether ln -s works
configure:5296: result: yes
configure:5304: checking the maximum length of command line arguments
configure:5434: result: 196608
configure:5451: checking whether the shell understands some XSI constructs
configure:5461: result: yes
configure:5465: checking whether the shell understands "+="
configure:5471: result: yes
configure:5506: checking how to convert x86_64-apple-darwin17.7.0 file names to x86_64-apple-darwin17.7.0 format
configure:5546: result: func_convert_file_noop
configure:5553: checking how to convert x86_64-apple-darwin17.7.0 file names to toolchain format
configure:5573: result: func_convert_file_noop
configure:5580: checking for /Applications/Xcode.app/Contents/Developer/Toolchains/XcodeDefault.xctoolchain/usr/bin/ld option to reload object files
configure:5587: result: -r
configure:5661: checking for objdump
configure:5677: found /usr/bin/objdump
configure:5688: result: objdump
configure:5720: checking how to recognize dependent libraries
configure:5922: result: pass_all
configure:6007: checking for dlltool
configure:6037: result: no
configure:6067: checking how to associate runtime and link libraries
configure:6094: result: printf %s\n
configure:6154: checking for ar
configure:6170: found /usr/bin/ar
configure:6181: result: ar
configure:6218: checking for archiver @FILE support
configure:6235: gcc -c -g -O2  conftest.c >&5
configure:6235: $? = 0
configure:6238: ar cru libconftest.a @conftest.lst >&5
ar: @conftest.lst: No such file or directory
configure:6241: $? = 1
configure:6261: result: no
configure:6319: checking for strip
configure:6335: found /usr/bin/strip
configure:6346: result: strip
configure:6418: checking for ranlib
configure:6434: found /usr/bin/ranlib
configure:6445: result: ranlib
configure:6547: checking command to parse /usr/bin/nm -B output from gcc object
configure:6667: gcc -c -g -O2  conftest.c >&5
configure:6670: $? = 0
configure:6674: /usr/bin/nm -B conftest.o \| sed -n -e 's/^.*[ ]\([BCDEGRST][BCDEGRST]*\)[ ][ ]*\([_A-Za-z][_A-Za-z0-9]*\)$/\1 \2 \2/p' | sed '/ __gnu_lto/d' \> conftest.nm
configure:6677: $? = 0
cannot find nm_test_var in conftest.nm
configure:6667: gcc -c -g -O2  conftest.c >&5
configure:6670: $? = 0
configure:6674: /usr/bin/nm -B conftest.o \| sed -n -e 's/^.*[ ]\([BCDEGRST][BCDEGRST]*\)[ ][ ]*_\([_A-Za-z][_A-Za-z0-9]*\)$/\1 _\2 \2/p' | sed '/ __gnu_lto/d' \> conftest.nm
configure:6677: $? = 0
configure:6743: gcc -o conftest -g -O2   conftest.c conftstm.o >&5
warning: (x86_64)  could not find object file symbol for symbol _main
configure:6746: $? = 0
configure:6784: result: ok
configure:6821: checking for sysroot
configure:6851: result: no
configure:7107: checking for mt
configure:7137: result: no
configure:7157: checking if : is a manifest tool
configure:7163: : '-?'
configure:7171: result: no
configure:7227: checking for dsymutil
configure:7243: found /usr/bin/dsymutil
configure:7254: result: dsymutil
configure:7319: checking for nmedit
configure:7335: found /usr/bin/nmedit
configure:7346: result: nmedit
configure:7411: checking for lipo
configure:7427: found /usr/bin/lipo
configure:7438: result: lipo
configure:7503: checking for otool
configure:7519: found /usr/bin/otool
configure:7530: result: otool
configure:7595: checking for otool64
configure:7625: result: no
configure:7670: checking for -single_module linker flag
gcc -g -O2  -o libconftest.dylib -dynamiclib -Wl,-single_module conftest.c
configure:7703: result: yes
configure:7706: checking for -exported_symbols_list linker flag
configure:7726: gcc -o conftest -g -O2   -Wl,-exported_symbols_list,conftest.sym conftest.c -lz  >&5
configure:7726: $? = 0
configure:7736: result: yes
configure:7739: checking for -force_load linker flag
gcc -g -O2 -c -o conftest.o conftest.c
ar cru libconftest.a conftest.o
ranlib libconftest.a
gcc -g -O2  -o conftest conftest.c -Wl,-force_load,./libconftest.a
configure:7771: result: yes
configure:7813: checking how to run the C preprocessor
configure:7844: gcc -E  conftest.c
configure:7844: $? = 0
configure:7858: gcc -E  conftest.c
conftest.c:12:10: fatal error: 'ac_nonexistent.h' file not found
#include <ac_nonexistent.h>
         ^~~~~~~~~~~~~~~~~~
1 error generated.
configure:7858: $? = 1
configure: failed program was:
| /* confdefs.h */
| #define PACKAGE_NAME "libzip"
| #define PACKAGE_TARNAME "libzip"
| #define PACKAGE_VERSION "1.1.3"
| #define PACKAGE_STRING "libzip 1.1.3"
| #define PACKAGE_BUGREPORT "libzip@nih.at"
| #define PACKAGE_URL ""
| #define PACKAGE "libzip"
| #define VERSION "1.1.3"
| #define HAVE_LIBZ 1
| /* end confdefs.h.  */
| #include <ac_nonexistent.h>
configure:7883: result: gcc -E
configure:7903: gcc -E  conftest.c
configure:7903: $? = 0
configure:7917: gcc -E  conftest.c
conftest.c:12:10: fatal error: 'ac_nonexistent.h' file not found
#include <ac_nonexistent.h>
         ^~~~~~~~~~~~~~~~~~
1 error generated.
configure:7917: $? = 1
configure: failed program was:
| /* confdefs.h */
| #define PACKAGE_NAME "libzip"
| #define PACKAGE_TARNAME "libzip"
| #define PACKAGE_VERSION "1.1.3"
| #define PACKAGE_STRING "libzip 1.1.3"
| #define PACKAGE_BUGREPORT "libzip@nih.at"
| #define PACKAGE_URL ""
| #define PACKAGE "libzip"
| #define VERSION "1.1.3"
| #define HAVE_LIBZ 1
| /* end confdefs.h.  */
| #include <ac_nonexistent.h>
configure:7946: checking for ANSI C header files
configure:7966: gcc -c -g -O2  conftest.c >&5
configure:7966: $? = 0
configure:8039: gcc -o conftest -g -O2   conftest.c -lz  >&5
configure:8039: $? = 0
configure:8039: ./conftest
configure:8039: $? = 0
configure:8050: result: yes
configure:8063: checking for sys/types.h
configure:8063: gcc -c -g -O2  conftest.c >&5
configure:8063: $? = 0
configure:8063: result: yes
configure:8063: checking for sys/stat.h
configure:8063: gcc -c -g -O2  conftest.c >&5
configure:8063: $? = 0
configure:8063: result: yes
configure:8063: checking for stdlib.h
configure:8063: gcc -c -g -O2  conftest.c >&5
configure:8063: $? = 0
configure:8063: result: yes
configure:8063: checking for string.h
configure:8063: gcc -c -g -O2  conftest.c >&5
configure:8063: $? = 0
configure:8063: result: yes
configure:8063: checking for memory.h
configure:8063: gcc -c -g -O2  conftest.c >&5
configure:8063: $? = 0
configure:8063: result: yes
configure:8063: checking for strings.h
configure:8063: gcc -c -g -O2  conftest.c >&5
configure:8063: $? = 0
configure:8063: result: yes
configure:8063: checking for inttypes.h
configure:8063: gcc -c -g -O2  conftest.c >&5
configure:8063: $? = 0
configure:8063: result: yes
configure:8063: checking for stdint.h
configure:8063: gcc -c -g -O2  conftest.c >&5
configure:8063: $? = 0
configure:8063: result: yes
configure:8063: checking for unistd.h
configure:8063: gcc -c -g -O2  conftest.c >&5
configure:8063: $? = 0
configure:8063: result: yes
configure:8077: checking for dlfcn.h
configure:8077: gcc -c -g -O2  conftest.c >&5
configure:8077: $? = 0
configure:8077: result: yes
configure:8283: checking for objdir
configure:8298: result: .libs
configure:8569: checking if gcc supports -fno-rtti -fno-exceptions
configure:8587: gcc -c -g -O2  -fno-rtti -fno-exceptions conftest.c >&5
configure:8591: $? = 0
configure:8604: result: yes
configure:8931: checking for gcc option to produce PIC
configure:8938: result: -fno-common -DPIC
configure:8946: checking if gcc PIC flag -fno-common -DPIC works
configure:8964: gcc -c -g -O2  -fno-common -DPIC -DPIC conftest.c >&5
configure:8968: $? = 0
configure:8981: result: yes
configure:9010: checking if gcc static flag -static works
configure:9038: result: no
configure:9053: checking if gcc supports -c -o file.o
configure:9074: gcc -c -g -O2  -o out/conftest2.o conftest.c >&5
configure:9078: $? = 0
configure:9100: result: yes
configure:9108: checking if gcc supports -c -o file.o
configure:9155: result: yes
configure:9188: checking whether the gcc linker (/Applications/Xcode.app/Contents/Developer/Toolchains/XcodeDefault.xctoolchain/usr/bin/ld) supports shared libraries
configure:10341: result: yes
configure:10581: checking dynamic linker characteristics
configure:11314: result: darwin17.7.0 dyld
configure:11421: checking how to hardcode library paths into programs
configure:11446: result: immediate
configure:11986: checking whether stripping libraries is possible
configure:12000: result: yes
configure:12026: checking if libtool supports shared libraries
configure:12028: result: yes
configure:12031: checking whether to build shared libraries
configure:12052: result: yes
configure:12055: checking whether to build static libraries
configure:12059: result: yes
configure:12100: checking for _close
configure:12100: gcc -o conftest -g -O2   conftest.c -lz  >&5
Undefined symbols for architecture x86_64:
  "__close", referenced from:
      _main in conftest-baa534.o
ld: symbol(s) not found for architecture x86_64
clang: error: linker command failed with exit code 1 (use -v to see invocation)
configure:12100: $? = 1
configure: failed program was:
| /* confdefs.h */
| #define PACKAGE_NAME "libzip"
| #define PACKAGE_TARNAME "libzip"
| #define PACKAGE_VERSION "1.1.3"
| #define PACKAGE_STRING "libzip 1.1.3"
| #define PACKAGE_BUGREPORT "libzip@nih.at"
| #define PACKAGE_URL ""
| #define PACKAGE "libzip"
| #define VERSION "1.1.3"
| #define HAVE_LIBZ 1
| #define STDC_HEADERS 1
| #define HAVE_SYS_TYPES_H 1
| #define HAVE_SYS_STAT_H 1
| #define HAVE_STDLIB_H 1
| #define HAVE_STRING_H 1
| #define HAVE_MEMORY_H 1
| #define HAVE_STRINGS_H 1
| #define HAVE_INTTYPES_H 1
| #define HAVE_STDINT_H 1
| #define HAVE_UNISTD_H 1
| #define HAVE_DLFCN_H 1
| #define LT_OBJDIR ".libs/"
| /* end confdefs.h.  */
| /* Define _close to an innocuous variant, in case <limits.h> declares _close.
|    For example, HP-UX 11i <limits.h> declares gettimeofday.  */
| #define _close innocuous__close
| 
| /* System header to define __stub macros and hopefully few prototypes,
|     which can conflict with char _close (); below.
|     Prefer <limits.h> to <assert.h> if __STDC__ is defined, since
|     <limits.h> exists even on freestanding compilers.  */
| 
| #ifdef __STDC__
| # include <limits.h>
| #else
| # include <assert.h>
| #endif
| 
| #undef _close
| 
| /* Override any GCC internal prototype to avoid an error.
|    Use char because int might match the return type of a GCC
|    builtin and then its argument prototype would still apply.  */
| #ifdef __cplusplus
| extern "C"
| #endif
| char _close ();
| /* The GNU C library defines this for functions which it implements
|     to always fail with ENOSYS.  Some functions are actually named
|     something starting with __ and the normal name is an alias.  */
| #if defined __stub__close || defined __stub____close
| choke me
| #endif
| 
| int
| main ()
| {
| return _close ();
|   ;
|   return 0;
| }
configure:12100: result: no
configure:12100: checking for _dup
configure:12100: gcc -o conftest -g -O2   conftest.c -lz  >&5
Undefined symbols for architecture x86_64:
  "__dup", referenced from:
      _main in conftest-43b200.o
ld: symbol(s) not found for architecture x86_64
clang: error: linker command failed with exit code 1 (use -v to see invocation)
configure:12100: $? = 1
configure: failed program was:
| /* confdefs.h */
| #define PACKAGE_NAME "libzip"
| #define PACKAGE_TARNAME "libzip"
| #define PACKAGE_VERSION "1.1.3"
| #define PACKAGE_STRING "libzip 1.1.3"
| #define PACKAGE_BUGREPORT "libzip@nih.at"
| #define PACKAGE_URL ""
| #define PACKAGE "libzip"
| #define VERSION "1.1.3"
| #define HAVE_LIBZ 1
| #define STDC_HEADERS 1
| #define HAVE_SYS_TYPES_H 1
| #define HAVE_SYS_STAT_H 1
| #define HAVE_STDLIB_H 1
| #define HAVE_STRING_H 1
| #define HAVE_MEMORY_H 1
| #define HAVE_STRINGS_H 1
| #define HAVE_INTTYPES_H 1
| #define HAVE_STDINT_H 1
| #define HAVE_UNISTD_H 1
| #define HAVE_DLFCN_H 1
| #define LT_OBJDIR ".libs/"
| /* end confdefs.h.  */
| /* Define _dup to an innocuous variant, in case <limits.h> declares _dup.
|    For example, HP-UX 11i <limits.h> declares gettimeofday.  */
| #define _dup innocuous__dup
| 
| /* System header to define __stub macros and hopefully few prototypes,
|     which can conflict with char _dup (); below.
|     Prefer <limits.h> to <assert.h> if __STDC__ is defined, since
|     <limits.h> exists even on freestanding compilers.  */
| 
| #ifdef __STDC__
| # include <limits.h>
| #else
| # include <assert.h>
| #endif
| 
| #undef _dup
| 
| /* Override any GCC internal prototype to avoid an error.
|    Use char because int might match the return type of a GCC
|    builtin and then its argument prototype would still apply.  */
| #ifdef __cplusplus
| extern "C"
| #endif
| char _dup ();
| /* The GNU C library defines this for functions which it implements
|     to always fail with ENOSYS.  Some functions are actually named
|     something starting with __ and the normal name is an alias.  */
| #if defined __stub__dup || defined __stub____dup
| choke me
| #endif
| 
| int
| main ()
| {
| return _dup ();
|   ;
|   return 0;
| }
configure:12100: result: no
configure:12100: checking for _fdopen
configure:12100: gcc -o conftest -g -O2   conftest.c -lz  >&5
Undefined symbols for architecture x86_64:
  "__fdopen", referenced from:
      _main in conftest-64d25c.o
ld: symbol(s) not found for architecture x86_64
clang: error: linker command failed with exit code 1 (use -v to see invocation)
configure:12100: $? = 1
configure: failed program was:
| /* confdefs.h */
| #define PACKAGE_NAME "libzip"
| #define PACKAGE_TARNAME "libzip"
| #define PACKAGE_VERSION "1.1.3"
| #define PACKAGE_STRING "libzip 1.1.3"
| #define PACKAGE_BUGREPORT "libzip@nih.at"
| #define PACKAGE_URL ""
| #define PACKAGE "libzip"
| #define VERSION "1.1.3"
| #define HAVE_LIBZ 1
| #define STDC_HEADERS 1
| #define HAVE_SYS_TYPES_H 1
| #define HAVE_SYS_STAT_H 1
| #define HAVE_STDLIB_H 1
| #define HAVE_STRING_H 1
| #define HAVE_MEMORY_H 1
| #define HAVE_STRINGS_H 1
| #define HAVE_INTTYPES_H 1
| #define HAVE_STDINT_H 1
| #define HAVE_UNISTD_H 1
| #define HAVE_DLFCN_H 1
| #define LT_OBJDIR ".libs/"
| /* end confdefs.h.  */
| /* Define _fdopen to an innocuous variant, in case <limits.h> declares _fdopen.
|    For example, HP-UX 11i <limits.h> declares gettimeofday.  */
| #define _fdopen innocuous__fdopen
| 
| /* System header to define __stub macros and hopefully few prototypes,
|     which can conflict with char _fdopen (); below.
|     Prefer <limits.h> to <assert.h> if __STDC__ is defined, since
|     <limits.h> exists even on freestanding compilers.  */
| 
| #ifdef __STDC__
| # include <limits.h>
| #else
| # include <assert.h>
| #endif
| 
| #undef _fdopen
| 
| /* Override any GCC internal prototype to avoid an error.
|    Use char because int might match the return type of a GCC
|    builtin and then its argument prototype would still apply.  */
| #ifdef __cplusplus
| extern "C"
| #endif
| char _fdopen ();
| /* The GNU C library defines this for functions which it implements
|     to always fail with ENOSYS.  Some functions are actually named
|     something starting with __ and the normal name is an alias.  */
| #if defined __stub__fdopen || defined __stub____fdopen
| choke me
| #endif
| 
| int
| main ()
| {
| return _fdopen ();
|   ;
|   return 0;
| }
configure:12100: result: no
configure:12100: checking for _fileno
configure:12100: gcc -o conftest -g -O2   conftest.c -lz  >&5
Undefined symbols for architecture x86_64:
  "__fileno", referenced from:
      _main in conftest-9dd107.o
ld: symbol(s) not found for architecture x86_64
clang: error: linker command failed with exit code 1 (use -v to see invocation)
configure:12100: $? = 1
configure: failed program was:
| /* confdefs.h */
| #define PACKAGE_NAME "libzip"
| #define PACKAGE_TARNAME "libzip"
| #define PACKAGE_VERSION "1.1.3"
| #define PACKAGE_STRING "libzip 1.1.3"
| #define PACKAGE_BUGREPORT "libzip@nih.at"
| #define PACKAGE_URL ""
| #define PACKAGE "libzip"
| #define VERSION "1.1.3"
| #define HAVE_LIBZ 1
| #define STDC_HEADERS 1
| #define HAVE_SYS_TYPES_H 1
| #define HAVE_SYS_STAT_H 1
| #define HAVE_STDLIB_H 1
| #define HAVE_STRING_H 1
| #define HAVE_MEMORY_H 1
| #define HAVE_STRINGS_H 1
| #define HAVE_INTTYPES_H 1
| #define HAVE_STDINT_H 1
| #define HAVE_UNISTD_H 1
| #define HAVE_DLFCN_H 1
| #define LT_OBJDIR ".libs/"
| /* end confdefs.h.  */
| /* Define _fileno to an innocuous variant, in case <limits.h> declares _fileno.
|    For example, HP-UX 11i <limits.h> declares gettimeofday.  */
| #define _fileno innocuous__fileno
| 
| /* System header to define __stub macros and hopefully few prototypes,
|     which can conflict with char _fileno (); below.
|     Prefer <limits.h> to <assert.h> if __STDC__ is defined, since
|     <limits.h> exists even on freestanding compilers.  */
| 
| #ifdef __STDC__
| # include <limits.h>
| #else
| # include <assert.h>
| #endif
| 
| #undef _fileno
| 
| /* Override any GCC internal prototype to avoid an error.
|    Use char because int might match the return type of a GCC
|    builtin and then its argument prototype would still apply.  */
| #ifdef __cplusplus
| extern "C"
| #endif
| char _fileno ();
| /* The GNU C library defines this for functions which it implements
|     to always fail with ENOSYS.  Some functions are actually named
|     something starting with __ and the normal name is an alias.  */
| #if defined __stub__fileno || defined __stub____fileno
| choke me
| #endif
| 
| int
| main ()
| {
| return _fileno ();
|   ;
|   return 0;
| }
configure:12100: result: no
configure:12100: checking for _open
configure:12100: gcc -o conftest -g -O2   conftest.c -lz  >&5
Undefined symbols for architecture x86_64:
  "__open", referenced from:
      _main in conftest-d93463.o
ld: symbol(s) not found for architecture x86_64
clang: error: linker command failed with exit code 1 (use -v to see invocation)
configure:12100: $? = 1
configure: failed program was:
| /* confdefs.h */
| #define PACKAGE_NAME "libzip"
| #define PACKAGE_TARNAME "libzip"
| #define PACKAGE_VERSION "1.1.3"
| #define PACKAGE_STRING "libzip 1.1.3"
| #define PACKAGE_BUGREPORT "libzip@nih.at"
| #define PACKAGE_URL ""
| #define PACKAGE "libzip"
| #define VERSION "1.1.3"
| #define HAVE_LIBZ 1
| #define STDC_HEADERS 1
| #define HAVE_SYS_TYPES_H 1
| #define HAVE_SYS_STAT_H 1
| #define HAVE_STDLIB_H 1
| #define HAVE_STRING_H 1
| #define HAVE_MEMORY_H 1
| #define HAVE_STRINGS_H 1
| #define HAVE_INTTYPES_H 1
| #define HAVE_STDINT_H 1
| #define HAVE_UNISTD_H 1
| #define HAVE_DLFCN_H 1
| #define LT_OBJDIR ".libs/"
| /* end confdefs.h.  */
| /* Define _open to an innocuous variant, in case <limits.h> declares _open.
|    For example, HP-UX 11i <limits.h> declares gettimeofday.  */
| #define _open innocuous__open
| 
| /* System header to define __stub macros and hopefully few prototypes,
|     which can conflict with char _open (); below.
|     Prefer <limits.h> to <assert.h> if __STDC__ is defined, since
|     <limits.h> exists even on freestanding compilers.  */
| 
| #ifdef __STDC__
| # include <limits.h>
| #else
| # include <assert.h>
| #endif
| 
| #undef _open
| 
| /* Override any GCC internal prototype to avoid an error.
|    Use char because int might match the return type of a GCC
|    builtin and then its argument prototype would still apply.  */
| #ifdef __cplusplus
| extern "C"
| #endif
| char _open ();
| /* The GNU C library defines this for functions which it implements
|     to always fail with ENOSYS.  Some functions are actually named
|     something starting with __ and the normal name is an alias.  */
| #if defined __stub__open || defined __stub____open
| choke me
| #endif
| 
| int
| main ()
| {
| return _open ();
|   ;
|   return 0;
| }
configure:12100: result: no
configure:12100: checking for _setmode
configure:12100: gcc -o conftest -g -O2   conftest.c -lz  >&5
Undefined symbols for architecture x86_64:
  "__setmode", referenced from:
      _main in conftest-6df6c0.o
ld: symbol(s) not found for architecture x86_64
clang: error: linker command failed with exit code 1 (use -v to see invocation)
configure:12100: $? = 1
configure: failed program was:
| /* confdefs.h */
| #define PACKAGE_NAME "libzip"
| #define PACKAGE_TARNAME "libzip"
| #define PACKAGE_VERSION "1.1.3"
| #define PACKAGE_STRING "libzip 1.1.3"
| #define PACKAGE_BUGREPORT "libzip@nih.at"
| #define PACKAGE_URL ""
| #define PACKAGE "libzip"
| #define VERSION "1.1.3"
| #define HAVE_LIBZ 1
| #define STDC_HEADERS 1
| #define HAVE_SYS_TYPES_H 1
| #define HAVE_SYS_STAT_H 1
| #define HAVE_STDLIB_H 1
| #define HAVE_STRING_H 1
| #define HAVE_MEMORY_H 1
| #define HAVE_STRINGS_H 1
| #define HAVE_INTTYPES_H 1
| #define HAVE_STDINT_H 1
| #define HAVE_UNISTD_H 1
| #define HAVE_DLFCN_H 1
| #define LT_OBJDIR ".libs/"
| /* end confdefs.h.  */
| /* Define _setmode to an innocuous variant, in case <limits.h> declares _setmode.
|    For example, HP-UX 11i <limits.h> declares gettimeofday.  */
| #define _setmode innocuous__setmode
| 
| /* System header to define __stub macros and hopefully few prototypes,
|     which can conflict with char _setmode (); below.
|     Prefer <limits.h> to <assert.h> if __STDC__ is defined, since
|     <limits.h> exists even on freestanding compilers.  */
| 
| #ifdef __STDC__
| # include <limits.h>
| #else
| # include <assert.h>
| #endif
| 
| #undef _setmode
| 
| /* Override any GCC internal prototype to avoid an error.
|    Use char because int might match the return type of a GCC
|    builtin and then its argument prototype would still apply.  */
| #ifdef __cplusplus
| extern "C"
| #endif
| char _setmode ();
| /* The GNU C library defines this for functions which it implements
|     to always fail with ENOSYS.  Some functions are actually named
|     something starting with __ and the normal name is an alias.  */
| #if defined __stub__setmode || defined __stub____setmode
| choke me
| #endif
| 
| int
| main ()
| {
| return _setmode ();
|   ;
|   return 0;
| }
configure:12100: result: no
configure:12100: checking for _snprintf
configure:12100: gcc -o conftest -g -O2   conftest.c -lz  >&5
Undefined symbols for architecture x86_64:
  "__snprintf", referenced from:
      _main in conftest-2a50cc.o
ld: symbol(s) not found for architecture x86_64
clang: error: linker command failed with exit code 1 (use -v to see invocation)
configure:12100: $? = 1
configure: failed program was:
| /* confdefs.h */
| #define PACKAGE_NAME "libzip"
| #define PACKAGE_TARNAME "libzip"
| #define PACKAGE_VERSION "1.1.3"
| #define PACKAGE_STRING "libzip 1.1.3"
| #define PACKAGE_BUGREPORT "libzip@nih.at"
| #define PACKAGE_URL ""
| #define PACKAGE "libzip"
| #define VERSION "1.1.3"
| #define HAVE_LIBZ 1
| #define STDC_HEADERS 1
| #define HAVE_SYS_TYPES_H 1
| #define HAVE_SYS_STAT_H 1
| #define HAVE_STDLIB_H 1
| #define HAVE_STRING_H 1
| #define HAVE_MEMORY_H 1
| #define HAVE_STRINGS_H 1
| #define HAVE_INTTYPES_H 1
| #define HAVE_STDINT_H 1
| #define HAVE_UNISTD_H 1
| #define HAVE_DLFCN_H 1
| #define LT_OBJDIR ".libs/"
| /* end confdefs.h.  */
| /* Define _snprintf to an innocuous variant, in case <limits.h> declares _snprintf.
|    For example, HP-UX 11i <limits.h> declares gettimeofday.  */
| #define _snprintf innocuous__snprintf
| 
| /* System header to define __stub macros and hopefully few prototypes,
|     which can conflict with char _snprintf (); below.
|     Prefer <limits.h> to <assert.h> if __STDC__ is defined, since
|     <limits.h> exists even on freestanding compilers.  */
| 
| #ifdef __STDC__
| # include <limits.h>
| #else
| # include <assert.h>
| #endif
| 
| #undef _snprintf
| 
| /* Override any GCC internal prototype to avoid an error.
|    Use char because int might match the return type of a GCC
|    builtin and then its argument prototype would still apply.  */
| #ifdef __cplusplus
| extern "C"
| #endif
| char _snprintf ();
| /* The GNU C library defines this for functions which it implements
|     to always fail with ENOSYS.  Some functions are actually named
|     something starting with __ and the normal name is an alias.  */
| #if defined __stub__snprintf || defined __stub____snprintf
| choke me
| #endif
| 
| int
| main ()
| {
| return _snprintf ();
|   ;
|   return 0;
| }
configure:12100: result: no
configure:12100: checking for _strdup
configure:12100: gcc -o conftest -g -O2   conftest.c -lz  >&5
Undefined symbols for architecture x86_64:
  "__strdup", referenced from:
      _main in conftest-e9a309.o
ld: symbol(s) not found for architecture x86_64
clang: error: linker command failed with exit code 1 (use -v to see invocation)
configure:12100: $? = 1
configure: failed program was:
| /* confdefs.h */
| #define PACKAGE_NAME "libzip"
| #define PACKAGE_TARNAME "libzip"
| #define PACKAGE_VERSION "1.1.3"
| #define PACKAGE_STRING "libzip 1.1.3"
| #define PACKAGE_BUGREPORT "libzip@nih.at"
| #define PACKAGE_URL ""
| #define PACKAGE "libzip"
| #define VERSION "1.1.3"
| #define HAVE_LIBZ 1
| #define STDC_HEADERS 1
| #define HAVE_SYS_TYPES_H 1
| #define HAVE_SYS_STAT_H 1
| #define HAVE_STDLIB_H 1
| #define HAVE_STRING_H 1
| #define HAVE_MEMORY_H 1
| #define HAVE_STRINGS_H 1
| #define HAVE_INTTYPES_H 1
| #define HAVE_STDINT_H 1
| #define HAVE_UNISTD_H 1
| #define HAVE_DLFCN_H 1
| #define LT_OBJDIR ".libs/"
| /* end confdefs.h.  */
| /* Define _strdup to an innocuous variant, in case <limits.h> declares _strdup.
|    For example, HP-UX 11i <limits.h> declares gettimeofday.  */
| #define _strdup innocuous__strdup
| 
| /* System header to define __stub macros and hopefully few prototypes,
|     which can conflict with char _strdup (); below.
|     Prefer <limits.h> to <assert.h> if __STDC__ is defined, since
|     <limits.h> exists even on freestanding compilers.  */
| 
| #ifdef __STDC__
| # include <limits.h>
| #else
| # include <assert.h>
| #endif
| 
| #undef _strdup
| 
| /* Override any GCC internal prototype to avoid an error.
|    Use char because int might match the return type of a GCC
|    builtin and then its argument prototype would still apply.  */
| #ifdef __cplusplus
| extern "C"
| #endif
| char _strdup ();
| /* The GNU C library defines this for functions which it implements
|     to always fail with ENOSYS.  Some functions are actually named
|     something starting with __ and the normal name is an alias.  */
| #if defined __stub__strdup || defined __stub____strdup
| choke me
| #endif
| 
| int
| main ()
| {
| return _strdup ();
|   ;
|   return 0;
| }
configure:12100: result: no
configure:12100: checking for _stricmp
configure:12100: gcc -o conftest -g -O2   conftest.c -lz  >&5
Undefined symbols for architecture x86_64:
  "__stricmp", referenced from:
      _main in conftest-d288f5.o
ld: symbol(s) not found for architecture x86_64
clang: error: linker command failed with exit code 1 (use -v to see invocation)
configure:12100: $? = 1
configure: failed program was:
| /* confdefs.h */
| #define PACKAGE_NAME "libzip"
| #define PACKAGE_TARNAME "libzip"
| #define PACKAGE_VERSION "1.1.3"
| #define PACKAGE_STRING "libzip 1.1.3"
| #define PACKAGE_BUGREPORT "libzip@nih.at"
| #define PACKAGE_URL ""
| #define PACKAGE "libzip"
| #define VERSION "1.1.3"
| #define HAVE_LIBZ 1
| #define STDC_HEADERS 1
| #define HAVE_SYS_TYPES_H 1
| #define HAVE_SYS_STAT_H 1
| #define HAVE_STDLIB_H 1
| #define HAVE_STRING_H 1
| #define HAVE_MEMORY_H 1
| #define HAVE_STRINGS_H 1
| #define HAVE_INTTYPES_H 1
| #define HAVE_STDINT_H 1
| #define HAVE_UNISTD_H 1
| #define HAVE_DLFCN_H 1
| #define LT_OBJDIR ".libs/"
| /* end confdefs.h.  */
| /* Define _stricmp to an innocuous variant, in case <limits.h> declares _stricmp.
|    For example, HP-UX 11i <limits.h> declares gettimeofday.  */
| #define _stricmp innocuous__stricmp
| 
| /* System header to define __stub macros and hopefully few prototypes,
|     which can conflict with char _stricmp (); below.
|     Prefer <limits.h> to <assert.h> if __STDC__ is defined, since
|     <limits.h> exists even on freestanding compilers.  */
| 
| #ifdef __STDC__
| # include <limits.h>
| #else
| # include <assert.h>
| #endif
| 
| #undef _stricmp
| 
| /* Override any GCC internal prototype to avoid an error.
|    Use char because int might match the return type of a GCC
|    builtin and then its argument prototype would still apply.  */
| #ifdef __cplusplus
| extern "C"
| #endif
| char _stricmp ();
| /* The GNU C library defines this for functions which it implements
|     to always fail with ENOSYS.  Some functions are actually named
|     something starting with __ and the normal name is an alias.  */
| #if defined __stub__stricmp || defined __stub____stricmp
| choke me
| #endif
| 
| int
| main ()
| {
| return _stricmp ();
|   ;
|   return 0;
| }
configure:12100: result: no
configure:12100: checking for fileno
configure:12100: gcc -o conftest -g -O2   conftest.c -lz  >&5
configure:12100: $? = 0
configure:12100: result: yes
configure:12100: checking for fseeko
configure:12100: gcc -o conftest -g -O2   conftest.c -lz  >&5
configure:12100: $? = 0
configure:12100: result: yes
configure:12100: checking for ftello
configure:12100: gcc -o conftest -g -O2   conftest.c -lz  >&5
configure:12100: $? = 0
configure:12100: result: yes
configure:12100: checking for getopt
configure:12100: gcc -o conftest -g -O2   conftest.c -lz  >&5
configure:12100: $? = 0
configure:12100: result: yes
configure:12100: checking for getprogname
configure:12100: gcc -o conftest -g -O2   conftest.c -lz  >&5
configure:12100: $? = 0
configure:12100: result: yes
configure:12100: checking for open
configure:12100: gcc -o conftest -g -O2   conftest.c -lz  >&5
configure:12100: $? = 0
configure:12100: result: yes
configure:12100: checking for setmode
configure:12100: gcc -o conftest -g -O2   conftest.c -lz  >&5
configure:12100: $? = 0
configure:12100: result: yes
configure:12100: checking for snprintf
configure:12100: gcc -o conftest -g -O2   conftest.c -lz  >&5
conftest.c:54:6: warning: incompatible redeclaration of library function 'snprintf' [-Wincompatible-library-redeclaration]
char snprintf ();
     ^
conftest.c:54:6: note: 'snprintf' is a builtin with type 'int (char *, unsigned long, const char *, ...)'
1 warning generated.
configure:12100: $? = 0
configure:12100: result: yes
configure:12100: checking for strcasecmp
configure:12100: gcc -o conftest -g -O2   conftest.c -lz  >&5
conftest.c:55:6: warning: incompatible redeclaration of library function 'strcasecmp' [-Wincompatible-library-redeclaration]
char strcasecmp ();
     ^
conftest.c:55:6: note: 'strcasecmp' is a builtin with type 'int (const char *, const char *)'
1 warning generated.
configure:12100: $? = 0
configure:12100: result: yes
configure:12100: checking for strdup
configure:12100: gcc -o conftest -g -O2   conftest.c -lz  >&5
conftest.c:56:6: warning: incompatible redeclaration of library function 'strdup' [-Wincompatible-library-redeclaration]
char strdup ();
     ^
conftest.c:56:6: note: 'strdup' is a builtin with type 'char *(const char *)'
1 warning generated.
configure:12100: $? = 0
configure:12100: result: yes
configure:12100: checking for stricmp
configure:12100: gcc -o conftest -g -O2   conftest.c -lz  >&5
Undefined symbols for architecture x86_64:
  "_stricmp", referenced from:
      _main in conftest-4fcfd7.o
ld: symbol(s) not found for architecture x86_64
clang: error: linker command failed with exit code 1 (use -v to see invocation)
configure:12100: $? = 1
configure: failed program was:
| /* confdefs.h */
| #define PACKAGE_NAME "libzip"
| #define PACKAGE_TARNAME "libzip"
| #define PACKAGE_VERSION "1.1.3"
| #define PACKAGE_STRING "libzip 1.1.3"
| #define PACKAGE_BUGREPORT "libzip@nih.at"
| #define PACKAGE_URL ""
| #define PACKAGE "libzip"
| #define VERSION "1.1.3"
| #define HAVE_LIBZ 1
| #define STDC_HEADERS 1
| #define HAVE_SYS_TYPES_H 1
| #define HAVE_SYS_STAT_H 1
| #define HAVE_STDLIB_H 1
| #define HAVE_STRING_H 1
| #define HAVE_MEMORY_H 1
| #define HAVE_STRINGS_H 1
| #define HAVE_INTTYPES_H 1
| #define HAVE_STDINT_H 1
| #define HAVE_UNISTD_H 1
| #define HAVE_DLFCN_H 1
| #define LT_OBJDIR ".libs/"
| #define HAVE_FILENO 1
| #define HAVE_FSEEKO 1
| #define HAVE_FTELLO 1
| #define HAVE_GETOPT 1
| #define HAVE_GETPROGNAME 1
| #define HAVE_OPEN 1
| #define HAVE_SETMODE 1
| #define HAVE_SNPRINTF 1
| #define HAVE_STRCASECMP 1
| #define HAVE_STRDUP 1
| /* end confdefs.h.  */
| /* Define stricmp to an innocuous variant, in case <limits.h> declares stricmp.
|    For example, HP-UX 11i <limits.h> declares gettimeofday.  */
| #define stricmp innocuous_stricmp
| 
| /* System header to define __stub macros and hopefully few prototypes,
|     which can conflict with char stricmp (); below.
|     Prefer <limits.h> to <assert.h> if __STDC__ is defined, since
|     <limits.h> exists even on freestanding compilers.  */
| 
| #ifdef __STDC__
| # include <limits.h>
| #else
| # include <assert.h>
| #endif
| 
| #undef stricmp
| 
| /* Override any GCC internal prototype to avoid an error.
|    Use char because int might match the return type of a GCC
|    builtin and then its argument prototype would still apply.  */
| #ifdef __cplusplus
| extern "C"
| #endif
| char stricmp ();
| /* The GNU C library defines this for functions which it implements
|     to always fail with ENOSYS.  Some functions are actually named
|     something starting with __ and the normal name is an alias.  */
| #if defined __stub_stricmp || defined __stub___stricmp
| choke me
| #endif
| 
| int
| main ()
| {
| return stricmp ();
|   ;
|   return 0;
| }
configure:12100: result: no
configure:12111: checking for mkstemp
configure:12111: gcc -o conftest -g -O2   conftest.c -lz  >&5
configure:12111: $? = 0
configure:12111: result: yes
configure:12128: checking if libc defines __progname
configure:12144: gcc -o conftest -g -O2   conftest.c -lz  >&5
conftest.c:39:27: warning: implicitly declaring library function 'printf' with type 'int (const char *, ...)' [-Wimplicit-function-declaration]
 extern char *__progname; printf("%s", __progname);
                          ^
conftest.c:39:27: note: include the header <stdio.h> or explicitly provide a declaration for 'printf'
1 warning generated.
configure:12144: $? = 0
configure:12153: result: yes
configure:12161: checking whether we are building for a Win32 host
configure:12173: gcc -c -g -O2  conftest.c >&5
configure:12173: $? = 0
configure:12180: result: no
configure:12194: checking fts.h usability
configure:12194: gcc -c -g -O2  conftest.c >&5
configure:12194: $? = 0
configure:12194: result: yes
configure:12194: checking fts.h presence
configure:12194: gcc -E  conftest.c
configure:12194: $? = 0
configure:12194: result: yes
configure:12194: checking for fts.h
configure:12194: result: yes
configure:12194: checking stdbool.h usability
configure:12194: gcc -c -g -O2  conftest.c >&5
configure:12194: $? = 0
configure:12194: result: yes
configure:12194: checking stdbool.h presence
configure:12194: gcc -E  conftest.c
configure:12194: $? = 0
configure:12194: result: yes
configure:12194: checking for stdbool.h
configure:12194: result: yes
configure:12194: checking for strings.h
configure:12194: result: yes
configure:12194: checking for unistd.h
configure:12194: result: yes
configure:12205: checking for int8_t
configure:12205: gcc -c -g -O2  conftest.c >&5
configure:12205: $? = 0
configure:12205: gcc -c -g -O2  conftest.c >&5
conftest.c:76:21: error: expected expression
if (sizeof ((int8_t)))
                    ^
1 error generated.
configure:12205: $? = 1
configure: failed program was:
| /* confdefs.h */
| #define PACKAGE_NAME "libzip"
| #define PACKAGE_TARNAME "libzip"
| #define PACKAGE_VERSION "1.1.3"
| #define PACKAGE_STRING "libzip 1.1.3"
| #define PACKAGE_BUGREPORT "libzip@nih.at"
| #define PACKAGE_URL ""
| #define PACKAGE "libzip"
| #define VERSION "1.1.3"
| #define HAVE_LIBZ 1
| #define STDC_HEADERS 1
| #define HAVE_SYS_TYPES_H 1
| #define HAVE_SYS_STAT_H 1
| #define HAVE_STDLIB_H 1
| #define HAVE_STRING_H 1
| #define HAVE_MEMORY_H 1
| #define HAVE_STRINGS_H 1
| #define HAVE_INTTYPES_H 1
| #define HAVE_STDINT_H 1
| #define HAVE_UNISTD_H 1
| #define HAVE_DLFCN_H 1
| #define LT_OBJDIR ".libs/"
| #define HAVE_FILENO 1
| #define HAVE_FSEEKO 1
| #define HAVE_FTELLO 1
| #define HAVE_GETOPT 1
| #define HAVE_GETPROGNAME 1
| #define HAVE_OPEN 1
| #define HAVE_SETMODE 1
| #define HAVE_SNPRINTF 1
| #define HAVE_STRCASECMP 1
| #define HAVE_STRDUP 1
| #define HAVE_MKSTEMP 1
| #define HAVE___PROGNAME 1
| #define HAVE_FTS_H 1
| #define HAVE_STDBOOL_H 1
| #define HAVE_STRINGS_H 1
| #define HAVE_UNISTD_H 1
| /* end confdefs.h.  */
| #include <stdio.h>
| #ifdef HAVE_SYS_TYPES_H
| # include <sys/types.h>
| #endif
| #ifdef HAVE_SYS_STAT_H
| # include <sys/stat.h>
| #endif
| #ifdef STDC_HEADERS
| # include <stdlib.h>
| # include <stddef.h>
| #else
| # ifdef HAVE_STDLIB_H
| #  include <stdlib.h>
| # endif
| #endif
| #ifdef HAVE_STRING_H
| # if !defined STDC_HEADERS && defined HAVE_MEMORY_H
| #  include <memory.h>
| # endif
| # include <string.h>
| #endif
| #ifdef HAVE_STRINGS_H
| # include <strings.h>
| #endif
| #ifdef HAVE_INTTYPES_H
| # include <inttypes.h>
| #endif
| #ifdef HAVE_STDINT_H
| # include <stdint.h>
| #endif
| #ifdef HAVE_UNISTD_H
| # include <unistd.h>
| #endif
| int
| main ()
| {
| if (sizeof ((int8_t)))
| 	    return 0;
|   ;
|   return 0;
| }
configure:12205: result: yes
configure:12215: checking for int16_t
configure:12215: gcc -c -g -O2  conftest.c >&5
configure:12215: $? = 0
configure:12215: gcc -c -g -O2  conftest.c >&5
conftest.c:77:22: error: expected expression
if (sizeof ((int16_t)))
                     ^
1 error generated.
configure:12215: $? = 1
configure: failed program was:
| /* confdefs.h */
| #define PACKAGE_NAME "libzip"
| #define PACKAGE_TARNAME "libzip"
| #define PACKAGE_VERSION "1.1.3"
| #define PACKAGE_STRING "libzip 1.1.3"
| #define PACKAGE_BUGREPORT "libzip@nih.at"
| #define PACKAGE_URL ""
| #define PACKAGE "libzip"
| #define VERSION "1.1.3"
| #define HAVE_LIBZ 1
| #define STDC_HEADERS 1
| #define HAVE_SYS_TYPES_H 1
| #define HAVE_SYS_STAT_H 1
| #define HAVE_STDLIB_H 1
| #define HAVE_STRING_H 1
| #define HAVE_MEMORY_H 1
| #define HAVE_STRINGS_H 1
| #define HAVE_INTTYPES_H 1
| #define HAVE_STDINT_H 1
| #define HAVE_UNISTD_H 1
| #define HAVE_DLFCN_H 1
| #define LT_OBJDIR ".libs/"
| #define HAVE_FILENO 1
| #define HAVE_FSEEKO 1
| #define HAVE_FTELLO 1
| #define HAVE_GETOPT 1
| #define HAVE_GETPROGNAME 1
| #define HAVE_OPEN 1
| #define HAVE_SETMODE 1
| #define HAVE_SNPRINTF 1
| #define HAVE_STRCASECMP 1
| #define HAVE_STRDUP 1
| #define HAVE_MKSTEMP 1
| #define HAVE___PROGNAME 1
| #define HAVE_FTS_H 1
| #define HAVE_STDBOOL_H 1
| #define HAVE_STRINGS_H 1
| #define HAVE_UNISTD_H 1
| #define HAVE_INT8_T 1
| /* end confdefs.h.  */
| #include <stdio.h>
| #ifdef HAVE_SYS_TYPES_H
| # include <sys/types.h>
| #endif
| #ifdef HAVE_SYS_STAT_H
| # include <sys/stat.h>
| #endif
| #ifdef STDC_HEADERS
| # include <stdlib.h>
| # include <stddef.h>
| #else
| # ifdef HAVE_STDLIB_H
| #  include <stdlib.h>
| # endif
| #endif
| #ifdef HAVE_STRING_H
| # if !defined STDC_HEADERS && defined HAVE_MEMORY_H
| #  include <memory.h>
| # endif
| # include <string.h>
| #endif
| #ifdef HAVE_STRINGS_H
| # include <strings.h>
| #endif
| #ifdef HAVE_INTTYPES_H
| # include <inttypes.h>
| #endif
| #ifdef HAVE_STDINT_H
| # include <stdint.h>
| #endif
| #ifdef HAVE_UNISTD_H
| # include <unistd.h>
| #endif
| int
| main ()
| {
| if (sizeof ((int16_t)))
| 	    return 0;
|   ;
|   return 0;
| }
configure:12215: result: yes
configure:12225: checking for int32_t
configure:12225: gcc -c -g -O2  conftest.c >&5
configure:12225: $? = 0
configure:12225: gcc -c -g -O2  conftest.c >&5
conftest.c:78:22: error: expected expression
if (sizeof ((int32_t)))
                     ^
1 error generated.
configure:12225: $? = 1
configure: failed program was:
| /* confdefs.h */
| #define PACKAGE_NAME "libzip"
| #define PACKAGE_TARNAME "libzip"
| #define PACKAGE_VERSION "1.1.3"
| #define PACKAGE_STRING "libzip 1.1.3"
| #define PACKAGE_BUGREPORT "libzip@nih.at"
| #define PACKAGE_URL ""
| #define PACKAGE "libzip"
| #define VERSION "1.1.3"
| #define HAVE_LIBZ 1
| #define STDC_HEADERS 1
| #define HAVE_SYS_TYPES_H 1
| #define HAVE_SYS_STAT_H 1
| #define HAVE_STDLIB_H 1
| #define HAVE_STRING_H 1
| #define HAVE_MEMORY_H 1
| #define HAVE_STRINGS_H 1
| #define HAVE_INTTYPES_H 1
| #define HAVE_STDINT_H 1
| #define HAVE_UNISTD_H 1
| #define HAVE_DLFCN_H 1
| #define LT_OBJDIR ".libs/"
| #define HAVE_FILENO 1
| #define HAVE_FSEEKO 1
| #define HAVE_FTELLO 1
| #define HAVE_GETOPT 1
| #define HAVE_GETPROGNAME 1
| #define HAVE_OPEN 1
| #define HAVE_SETMODE 1
| #define HAVE_SNPRINTF 1
| #define HAVE_STRCASECMP 1
| #define HAVE_STRDUP 1
| #define HAVE_MKSTEMP 1
| #define HAVE___PROGNAME 1
| #define HAVE_FTS_H 1
| #define HAVE_STDBOOL_H 1
| #define HAVE_STRINGS_H 1
| #define HAVE_UNISTD_H 1
| #define HAVE_INT8_T 1
| #define HAVE_INT16_T 1
| /* end confdefs.h.  */
| #include <stdio.h>
| #ifdef HAVE_SYS_TYPES_H
| # include <sys/types.h>
| #endif
| #ifdef HAVE_SYS_STAT_H
| # include <sys/stat.h>
| #endif
| #ifdef STDC_HEADERS
| # include <stdlib.h>
| # include <stddef.h>
| #else
| # ifdef HAVE_STDLIB_H
| #  include <stdlib.h>
| # endif
| #endif
| #ifdef HAVE_STRING_H
| # if !defined STDC_HEADERS && defined HAVE_MEMORY_H
| #  include <memory.h>
| # endif
| # include <string.h>
| #endif
| #ifdef HAVE_STRINGS_H
| # include <strings.h>
| #endif
| #ifdef HAVE_INTTYPES_H
| # include <inttypes.h>
| #endif
| #ifdef HAVE_STDINT_H
| # include <stdint.h>
| #endif
| #ifdef HAVE_UNISTD_H
| # include <unistd.h>
| #endif
| int
| main ()
| {
| if (sizeof ((int32_t)))
| 	    return 0;
|   ;
|   return 0;
| }
configure:12225: result: yes
configure:12235: checking for int64_t
configure:12235: gcc -c -g -O2  conftest.c >&5
configure:12235: $? = 0
configure:12235: gcc -c -g -O2  conftest.c >&5
conftest.c:79:22: error: expected expression
if (sizeof ((int64_t)))
                     ^
1 error generated.
configure:12235: $? = 1
configure: failed program was:
| /* confdefs.h */
| #define PACKAGE_NAME "libzip"
| #define PACKAGE_TARNAME "libzip"
| #define PACKAGE_VERSION "1.1.3"
| #define PACKAGE_STRING "libzip 1.1.3"
| #define PACKAGE_BUGREPORT "libzip@nih.at"
| #define PACKAGE_URL ""
| #define PACKAGE "libzip"
| #define VERSION "1.1.3"
| #define HAVE_LIBZ 1
| #define STDC_HEADERS 1
| #define HAVE_SYS_TYPES_H 1
| #define HAVE_SYS_STAT_H 1
| #define HAVE_STDLIB_H 1
| #define HAVE_STRING_H 1
| #define HAVE_MEMORY_H 1
| #define HAVE_STRINGS_H 1
| #define HAVE_INTTYPES_H 1
| #define HAVE_STDINT_H 1
| #define HAVE_UNISTD_H 1
| #define HAVE_DLFCN_H 1
| #define LT_OBJDIR ".libs/"
| #define HAVE_FILENO 1
| #define HAVE_FSEEKO 1
| #define HAVE_FTELLO 1
| #define HAVE_GETOPT 1
| #define HAVE_GETPROGNAME 1
| #define HAVE_OPEN 1
| #define HAVE_SETMODE 1
| #define HAVE_SNPRINTF 1
| #define HAVE_STRCASECMP 1
| #define HAVE_STRDUP 1
| #define HAVE_MKSTEMP 1
| #define HAVE___PROGNAME 1
| #define HAVE_FTS_H 1
| #define HAVE_STDBOOL_H 1
| #define HAVE_STRINGS_H 1
| #define HAVE_UNISTD_H 1
| #define HAVE_INT8_T 1
| #define HAVE_INT16_T 1
| #define HAVE_INT32_T 1
| /* end confdefs.h.  */
| #include <stdio.h>
| #ifdef HAVE_SYS_TYPES_H
| # include <sys/types.h>
| #endif
| #ifdef HAVE_SYS_STAT_H
| # include <sys/stat.h>
| #endif
| #ifdef STDC_HEADERS
| # include <stdlib.h>
| # include <stddef.h>
| #else
| # ifdef HAVE_STDLIB_H
| #  include <stdlib.h>
| # endif
| #endif
| #ifdef HAVE_STRING_H
| # if !defined STDC_HEADERS && defined HAVE_MEMORY_H
| #  include <memory.h>
| # endif
| # include <string.h>
| #endif
| #ifdef HAVE_STRINGS_H
| # include <strings.h>
| #endif
| #ifdef HAVE_INTTYPES_H
| # include <inttypes.h>
| #endif
| #ifdef HAVE_STDINT_H
| # include <stdint.h>
| #endif
| #ifdef HAVE_UNISTD_H
| # include <unistd.h>
| #endif
| int
| main ()
| {
| if (sizeof ((int64_t)))
| 	    return 0;
|   ;
|   return 0;
| }
configure:12235: result: yes
configure:12245: checking for uint8_t
configure:12245: gcc -c -g -O2  conftest.c >&5
configure:12245: $? = 0
configure:12245: gcc -c -g -O2  conftest.c >&5
conftest.c:80:22: error: expected expression
if (sizeof ((uint8_t)))
                     ^
1 error generated.
configure:12245: $? = 1
configure: failed program was:
| /* confdefs.h */
| #define PACKAGE_NAME "libzip"
| #define PACKAGE_TARNAME "libzip"
| #define PACKAGE_VERSION "1.1.3"
| #define PACKAGE_STRING "libzip 1.1.3"
| #define PACKAGE_BUGREPORT "libzip@nih.at"
| #define PACKAGE_URL ""
| #define PACKAGE "libzip"
| #define VERSION "1.1.3"
| #define HAVE_LIBZ 1
| #define STDC_HEADERS 1
| #define HAVE_SYS_TYPES_H 1
| #define HAVE_SYS_STAT_H 1
| #define HAVE_STDLIB_H 1
| #define HAVE_STRING_H 1
| #define HAVE_MEMORY_H 1
| #define HAVE_STRINGS_H 1
| #define HAVE_INTTYPES_H 1
| #define HAVE_STDINT_H 1
| #define HAVE_UNISTD_H 1
| #define HAVE_DLFCN_H 1
| #define LT_OBJDIR ".libs/"
| #define HAVE_FILENO 1
| #define HAVE_FSEEKO 1
| #define HAVE_FTELLO 1
| #define HAVE_GETOPT 1
| #define HAVE_GETPROGNAME 1
| #define HAVE_OPEN 1
| #define HAVE_SETMODE 1
| #define HAVE_SNPRINTF 1
| #define HAVE_STRCASECMP 1
| #define HAVE_STRDUP 1
| #define HAVE_MKSTEMP 1
| #define HAVE___PROGNAME 1
| #define HAVE_FTS_H 1
| #define HAVE_STDBOOL_H 1
| #define HAVE_STRINGS_H 1
| #define HAVE_UNISTD_H 1
| #define HAVE_INT8_T 1
| #define HAVE_INT16_T 1
| #define HAVE_INT32_T 1
| #define HAVE_INT64_T 1
| /* end confdefs.h.  */
| #include <stdio.h>
| #ifdef HAVE_SYS_TYPES_H
| # include <sys/types.h>
| #endif
| #ifdef HAVE_SYS_STAT_H
| # include <sys/stat.h>
| #endif
| #ifdef STDC_HEADERS
| # include <stdlib.h>
| # include <stddef.h>
| #else
| # ifdef HAVE_STDLIB_H
| #  include <stdlib.h>
| # endif
| #endif
| #ifdef HAVE_STRING_H
| # if !defined STDC_HEADERS && defined HAVE_MEMORY_H
| #  include <memory.h>
| # endif
| # include <string.h>
| #endif
| #ifdef HAVE_STRINGS_H
| # include <strings.h>
| #endif
| #ifdef HAVE_INTTYPES_H
| # include <inttypes.h>
| #endif
| #ifdef HAVE_STDINT_H
| # include <stdint.h>
| #endif
| #ifdef HAVE_UNISTD_H
| # include <unistd.h>
| #endif
| int
| main ()
| {
| if (sizeof ((uint8_t)))
| 	    return 0;
|   ;
|   return 0;
| }
configure:12245: result: yes
configure:12255: checking for uint16_t
configure:12255: gcc -c -g -O2  conftest.c >&5
configure:12255: $? = 0
configure:12255: gcc -c -g -O2  conftest.c >&5
conftest.c:81:23: error: expected expression
if (sizeof ((uint16_t)))
                      ^
1 error generated.
configure:12255: $? = 1
configure: failed program was:
| /* confdefs.h */
| #define PACKAGE_NAME "libzip"
| #define PACKAGE_TARNAME "libzip"
| #define PACKAGE_VERSION "1.1.3"
| #define PACKAGE_STRING "libzip 1.1.3"
| #define PACKAGE_BUGREPORT "libzip@nih.at"
| #define PACKAGE_URL ""
| #define PACKAGE "libzip"
| #define VERSION "1.1.3"
| #define HAVE_LIBZ 1
| #define STDC_HEADERS 1
| #define HAVE_SYS_TYPES_H 1
| #define HAVE_SYS_STAT_H 1
| #define HAVE_STDLIB_H 1
| #define HAVE_STRING_H 1
| #define HAVE_MEMORY_H 1
| #define HAVE_STRINGS_H 1
| #define HAVE_INTTYPES_H 1
| #define HAVE_STDINT_H 1
| #define HAVE_UNISTD_H 1
| #define HAVE_DLFCN_H 1
| #define LT_OBJDIR ".libs/"
| #define HAVE_FILENO 1
| #define HAVE_FSEEKO 1
| #define HAVE_FTELLO 1
| #define HAVE_GETOPT 1
| #define HAVE_GETPROGNAME 1
| #define HAVE_OPEN 1
| #define HAVE_SETMODE 1
| #define HAVE_SNPRINTF 1
| #define HAVE_STRCASECMP 1
| #define HAVE_STRDUP 1
| #define HAVE_MKSTEMP 1
| #define HAVE___PROGNAME 1
| #define HAVE_FTS_H 1
| #define HAVE_STDBOOL_H 1
| #define HAVE_STRINGS_H 1
| #define HAVE_UNISTD_H 1
| #define HAVE_INT8_T 1
| #define HAVE_INT16_T 1
| #define HAVE_INT32_T 1
| #define HAVE_INT64_T 1
| #define HAVE_UINT8_T 1
| /* end confdefs.h.  */
| #include <stdio.h>
| #ifdef HAVE_SYS_TYPES_H
| # include <sys/types.h>
| #endif
| #ifdef HAVE_SYS_STAT_H
| # include <sys/stat.h>
| #endif
| #ifdef STDC_HEADERS
| # include <stdlib.h>
| # include <stddef.h>
| #else
| # ifdef HAVE_STDLIB_H
| #  include <stdlib.h>
| # endif
| #endif
| #ifdef HAVE_STRING_H
| # if !defined STDC_HEADERS && defined HAVE_MEMORY_H
| #  include <memory.h>
| # endif
| # include <string.h>
| #endif
| #ifdef HAVE_STRINGS_H
| # include <strings.h>
| #endif
| #ifdef HAVE_INTTYPES_H
| # include <inttypes.h>
| #endif
| #ifdef HAVE_STDINT_H
| # include <stdint.h>
| #endif
| #ifdef HAVE_UNISTD_H
| # include <unistd.h>
| #endif
| int
| main ()
| {
| if (sizeof ((uint16_t)))
| 	    return 0;
|   ;
|   return 0;
| }
configure:12255: result: yes
configure:12265: checking for uint32_t
configure:12265: gcc -c -g -O2  conftest.c >&5
configure:12265: $? = 0
configure:12265: gcc -c -g -O2  conftest.c >&5
conftest.c:82:23: error: expected expression
if (sizeof ((uint32_t)))
                      ^
1 error generated.
configure:12265: $? = 1
configure: failed program was:
| /* confdefs.h */
| #define PACKAGE_NAME "libzip"
| #define PACKAGE_TARNAME "libzip"
| #define PACKAGE_VERSION "1.1.3"
| #define PACKAGE_STRING "libzip 1.1.3"
| #define PACKAGE_BUGREPORT "libzip@nih.at"
| #define PACKAGE_URL ""
| #define PACKAGE "libzip"
| #define VERSION "1.1.3"
| #define HAVE_LIBZ 1
| #define STDC_HEADERS 1
| #define HAVE_SYS_TYPES_H 1
| #define HAVE_SYS_STAT_H 1
| #define HAVE_STDLIB_H 1
| #define HAVE_STRING_H 1
| #define HAVE_MEMORY_H 1
| #define HAVE_STRINGS_H 1
| #define HAVE_INTTYPES_H 1
| #define HAVE_STDINT_H 1
| #define HAVE_UNISTD_H 1
| #define HAVE_DLFCN_H 1
| #define LT_OBJDIR ".libs/"
| #define HAVE_FILENO 1
| #define HAVE_FSEEKO 1
| #define HAVE_FTELLO 1
| #define HAVE_GETOPT 1
| #define HAVE_GETPROGNAME 1
| #define HAVE_OPEN 1
| #define HAVE_SETMODE 1
| #define HAVE_SNPRINTF 1
| #define HAVE_STRCASECMP 1
| #define HAVE_STRDUP 1
| #define HAVE_MKSTEMP 1
| #define HAVE___PROGNAME 1
| #define HAVE_FTS_H 1
| #define HAVE_STDBOOL_H 1
| #define HAVE_STRINGS_H 1
| #define HAVE_UNISTD_H 1
| #define HAVE_INT8_T 1
| #define HAVE_INT16_T 1
| #define HAVE_INT32_T 1
| #define HAVE_INT64_T 1
| #define HAVE_UINT8_T 1
| #define HAVE_UINT16_T 1
| /* end confdefs.h.  */
| #include <stdio.h>
| #ifdef HAVE_SYS_TYPES_H
| # include <sys/types.h>
| #endif
| #ifdef HAVE_SYS_STAT_H
| # include <sys/stat.h>
| #endif
| #ifdef STDC_HEADERS
| # include <stdlib.h>
| # include <stddef.h>
| #else
| # ifdef HAVE_STDLIB_H
| #  include <stdlib.h>
| # endif
| #endif
| #ifdef HAVE_STRING_H
| # if !defined STDC_HEADERS && defined HAVE_MEMORY_H
| #  include <memory.h>
| # endif
| # include <string.h>
| #endif
| #ifdef HAVE_STRINGS_H
| # include <strings.h>
| #endif
| #ifdef HAVE_INTTYPES_H
| # include <inttypes.h>
| #endif
| #ifdef HAVE_STDINT_H
| # include <stdint.h>
| #endif
| #ifdef HAVE_UNISTD_H
| # include <unistd.h>
| #endif
| int
| main ()
| {
| if (sizeof ((uint32_t)))
| 	    return 0;
|   ;
|   return 0;
| }
configure:12265: result: yes
configure:12275: checking for uint64_t
configure:12275: gcc -c -g -O2  conftest.c >&5
configure:12275: $? = 0
configure:12275: gcc -c -g -O2  conftest.c >&5
conftest.c:83:23: error: expected expression
if (sizeof ((uint64_t)))
                      ^
1 error generated.
configure:12275: $? = 1
configure: failed program was:
| /* confdefs.h */
| #define PACKAGE_NAME "libzip"
| #define PACKAGE_TARNAME "libzip"
| #define PACKAGE_VERSION "1.1.3"
| #define PACKAGE_STRING "libzip 1.1.3"
| #define PACKAGE_BUGREPORT "libzip@nih.at"
| #define PACKAGE_URL ""
| #define PACKAGE "libzip"
| #define VERSION "1.1.3"
| #define HAVE_LIBZ 1
| #define STDC_HEADERS 1
| #define HAVE_SYS_TYPES_H 1
| #define HAVE_SYS_STAT_H 1
| #define HAVE_STDLIB_H 1
| #define HAVE_STRING_H 1
| #define HAVE_MEMORY_H 1
| #define HAVE_STRINGS_H 1
| #define HAVE_INTTYPES_H 1
| #define HAVE_STDINT_H 1
| #define HAVE_UNISTD_H 1
| #define HAVE_DLFCN_H 1
| #define LT_OBJDIR ".libs/"
| #define HAVE_FILENO 1
| #define HAVE_FSEEKO 1
| #define HAVE_FTELLO 1
| #define HAVE_GETOPT 1
| #define HAVE_GETPROGNAME 1
| #define HAVE_OPEN 1
| #define HAVE_SETMODE 1
| #define HAVE_SNPRINTF 1
| #define HAVE_STRCASECMP 1
| #define HAVE_STRDUP 1
| #define HAVE_MKSTEMP 1
| #define HAVE___PROGNAME 1
| #define HAVE_FTS_H 1
| #define HAVE_STDBOOL_H 1
| #define HAVE_STRINGS_H 1
| #define HAVE_UNISTD_H 1
| #define HAVE_INT8_T 1
| #define HAVE_INT16_T 1
| #define HAVE_INT32_T 1
| #define HAVE_INT64_T 1
| #define HAVE_UINT8_T 1
| #define HAVE_UINT16_T 1
| #define HAVE_UINT32_T 1
| /* end confdefs.h.  */
| #include <stdio.h>
| #ifdef HAVE_SYS_TYPES_H
| # include <sys/types.h>
| #endif
| #ifdef HAVE_SYS_STAT_H
| # include <sys/stat.h>
| #endif
| #ifdef STDC_HEADERS
| # include <stdlib.h>
| # include <stddef.h>
| #else
| # ifdef HAVE_STDLIB_H
| #  include <stdlib.h>
| # endif
| #endif
| #ifdef HAVE_STRING_H
| # if !defined STDC_HEADERS && defined HAVE_MEMORY_H
| #  include <memory.h>
| # endif
| # include <string.h>
| #endif
| #ifdef HAVE_STRINGS_H
| # include <strings.h>
| #endif
| #ifdef HAVE_INTTYPES_H
| # include <inttypes.h>
| #endif
| #ifdef HAVE_STDINT_H
| # include <stdint.h>
| #endif
| #ifdef HAVE_UNISTD_H
| # include <unistd.h>
| #endif
| int
| main ()
| {
| if (sizeof ((uint64_t)))
| 	    return 0;
|   ;
|   return 0;
| }
configure:12275: result: yes
configure:12285: checking for ssize_t
configure:12285: gcc -c -g -O2  conftest.c >&5
configure:12285: $? = 0
configure:12285: gcc -c -g -O2  conftest.c >&5
conftest.c:84:22: error: expected expression
if (sizeof ((ssize_t)))
                     ^
1 error generated.
configure:12285: $? = 1
configure: failed program was:
| /* confdefs.h */
| #define PACKAGE_NAME "libzip"
| #define PACKAGE_TARNAME "libzip"
| #define PACKAGE_VERSION "1.1.3"
| #define PACKAGE_STRING "libzip 1.1.3"
| #define PACKAGE_BUGREPORT "libzip@nih.at"
| #define PACKAGE_URL ""
| #define PACKAGE "libzip"
| #define VERSION "1.1.3"
| #define HAVE_LIBZ 1
| #define STDC_HEADERS 1
| #define HAVE_SYS_TYPES_H 1
| #define HAVE_SYS_STAT_H 1
| #define HAVE_STDLIB_H 1
| #define HAVE_STRING_H 1
| #define HAVE_MEMORY_H 1
| #define HAVE_STRINGS_H 1
| #define HAVE_INTTYPES_H 1
| #define HAVE_STDINT_H 1
| #define HAVE_UNISTD_H 1
| #define HAVE_DLFCN_H 1
| #define LT_OBJDIR ".libs/"
| #define HAVE_FILENO 1
| #define HAVE_FSEEKO 1
| #define HAVE_FTELLO 1
| #define HAVE_GETOPT 1
| #define HAVE_GETPROGNAME 1
| #define HAVE_OPEN 1
| #define HAVE_SETMODE 1
| #define HAVE_SNPRINTF 1
| #define HAVE_STRCASECMP 1
| #define HAVE_STRDUP 1
| #define HAVE_MKSTEMP 1
| #define HAVE___PROGNAME 1
| #define HAVE_FTS_H 1
| #define HAVE_STDBOOL_H 1
| #define HAVE_STRINGS_H 1
| #define HAVE_UNISTD_H 1
| #define HAVE_INT8_T 1
| #define HAVE_INT16_T 1
| #define HAVE_INT32_T 1
| #define HAVE_INT64_T 1
| #define HAVE_UINT8_T 1
| #define HAVE_UINT16_T 1
| #define HAVE_UINT32_T 1
| #define HAVE_UINT64_T 1
| /* end confdefs.h.  */
| #include <stdio.h>
| #ifdef HAVE_SYS_TYPES_H
| # include <sys/types.h>
| #endif
| #ifdef HAVE_SYS_STAT_H
| # include <sys/stat.h>
| #endif
| #ifdef STDC_HEADERS
| # include <stdlib.h>
| # include <stddef.h>
| #else
| # ifdef HAVE_STDLIB_H
| #  include <stdlib.h>
| # endif
| #endif
| #ifdef HAVE_STRING_H
| # if !defined STDC_HEADERS && defined HAVE_MEMORY_H
| #  include <memory.h>
| # endif
| # include <string.h>
| #endif
| #ifdef HAVE_STRINGS_H
| # include <strings.h>
| #endif
| #ifdef HAVE_INTTYPES_H
| # include <inttypes.h>
| #endif
| #ifdef HAVE_STDINT_H
| # include <stdint.h>
| #endif
| #ifdef HAVE_UNISTD_H
| # include <unistd.h>
| #endif
| int
| main ()
| {
| if (sizeof ((ssize_t)))
| 	    return 0;
|   ;
|   return 0;
| }
configure:12285: result: yes
configure:12300: checking size of short
configure:12305: gcc -o conftest -g -O2   conftest.c -lz  >&5
configure:12305: $? = 0
configure:12305: ./conftest
configure:12305: $? = 0
configure:12319: result: 2
configure:12333: checking size of int
configure:12338: gcc -o conftest -g -O2   conftest.c -lz  >&5
configure:12338: $? = 0
configure:12338: ./conftest
configure:12338: $? = 0
configure:12352: result: 4
configure:12366: checking size of long
configure:12371: gcc -o conftest -g -O2   conftest.c -lz  >&5
configure:12371: $? = 0
configure:12371: ./conftest
configure:12371: $? = 0
configure:12385: result: 8
configure:12399: checking size of long long
configure:12404: gcc -o conftest -g -O2   conftest.c -lz  >&5
configure:12404: $? = 0
configure:12404: ./conftest
configure:12404: $? = 0
configure:12418: result: 8
configure:12432: checking size of off_t
configure:12437: gcc -o conftest -g -O2   conftest.c -lz  >&5
configure:12437: $? = 0
configure:12437: ./conftest
configure:12437: $? = 0
configure:12451: result: 8
configure:12465: checking size of size_t
configure:12470: gcc -o conftest -g -O2   conftest.c -lz  >&5
configure:12470: $? = 0
configure:12470: ./conftest
configure:12470: $? = 0
configure:12484: result: 8
configure:12495: checking whether struct tm is in sys/time.h or time.h
configure:12515: gcc -c -g -O2  conftest.c >&5
configure:12515: $? = 0
configure:12522: result: time.h
configure:12530: checking for struct tm.tm_zone
configure:12530: gcc -c -g -O2  conftest.c >&5
configure:12530: $? = 0
configure:12530: result: yes
configure:12612: checking for simple visibility declarations
configure:12634: gcc -c -g -O2 -fvisibility=hidden  conftest.c >&5
configure:12634: $? = 0
configure:12643: result: yes
configure:12770: checking that generated files are newer than configure
configure:12776: result: done
configure:12803: creating ./config.status

## ---------------------- ##
## Running config.status. ##
## ---------------------- ##

This file was extended by libzip config.status 1.1.3, which was
generated by GNU Autoconf 2.69.  Invocation command line was

  CONFIG_FILES    = 
  CONFIG_HEADERS  = 
  CONFIG_LINKS    = 
  CONFIG_COMMANDS = 
  $ ./config.status 

on macbook.home

config.status:1125: creating Makefile
config.status:1125: creating libzip.pc
config.status:1125: creating libzip-uninstalled.pc
config.status:1111: error: cannot find input file: `examples/Makefile.in'

## ---------------- ##
## Cache variables. ##
## ---------------- ##

ac_cv_build=x86_64-apple-darwin17.7.0
ac_cv_c_compiler_gnu=yes
ac_cv_env_CC_set=
ac_cv_env_CC_value=
ac_cv_env_CFLAGS_set=
ac_cv_env_CFLAGS_value=
ac_cv_env_CPPFLAGS_set=
ac_cv_env_CPPFLAGS_value=
ac_cv_env_CPP_set=
ac_cv_env_CPP_value=
ac_cv_env_LDFLAGS_set=
ac_cv_env_LDFLAGS_value=
ac_cv_env_LIBS_set=
ac_cv_env_LIBS_value=
ac_cv_env_build_alias_set=
ac_cv_env_build_alias_value=
ac_cv_env_host_alias_set=
ac_cv_env_host_alias_value=
ac_cv_env_target_alias_set=
ac_cv_env_target_alias_value=
ac_cv_func__close=no
ac_cv_func__dup=no
ac_cv_func__fdopen=no
ac_cv_func__fileno=no
ac_cv_func__open=no
ac_cv_func__setmode=no
ac_cv_func__snprintf=no
ac_cv_func__strdup=no
ac_cv_func__stricmp=no
ac_cv_func_fileno=yes
ac_cv_func_fseeko=yes
ac_cv_func_ftello=yes
ac_cv_func_getopt=yes
ac_cv_func_getprogname=yes
ac_cv_func_mkstemp=yes
ac_cv_func_open=yes
ac_cv_func_setmode=yes
ac_cv_func_snprintf=yes
ac_cv_func_strcasecmp=yes
ac_cv_func_strdup=yes
ac_cv_func_stricmp=no
ac_cv_header_dlfcn_h=yes
ac_cv_header_fts_h=yes
ac_cv_header_inttypes_h=yes
ac_cv_header_memory_h=yes
ac_cv_header_stdbool_h=yes
ac_cv_header_stdc=yes
ac_cv_header_stdint_h=yes
ac_cv_header_stdlib_h=yes
ac_cv_header_string_h=yes
ac_cv_header_strings_h=yes
ac_cv_header_sys_stat_h=yes
ac_cv_header_sys_types_h=yes
ac_cv_header_unistd_h=yes
ac_cv_host=x86_64-apple-darwin17.7.0
ac_cv_lib_z_main=yes
ac_cv_libc_defines___progname=yes
ac_cv_member_struct_tm_tm_zone=yes
ac_cv_objext=o
ac_cv_path_EGREP='/usr/bin/grep -E'
ac_cv_path_FGREP='/usr/bin/grep -F'
ac_cv_path_GREP=/usr/bin/grep
ac_cv_path_SED=/usr/bin/sed
ac_cv_path_install='/usr/bin/install -c'
ac_cv_prog_AWK=awk
ac_cv_prog_CPP='gcc -E'
ac_cv_prog_ac_ct_AR=ar
ac_cv_prog_ac_ct_CC=gcc
ac_cv_prog_ac_ct_DSYMUTIL=dsymutil
ac_cv_prog_ac_ct_LIPO=lipo
ac_cv_prog_ac_ct_NMEDIT=nmedit
ac_cv_prog_ac_ct_OBJDUMP=objdump
ac_cv_prog_ac_ct_OTOOL=otool
ac_cv_prog_ac_ct_RANLIB=ranlib
ac_cv_prog_ac_ct_STRIP=strip
ac_cv_prog_cc_c89=
ac_cv_prog_cc_g=yes
ac_cv_prog_make_make_set=yes
ac_cv_sizeof_int=4
ac_cv_sizeof_long=8
ac_cv_sizeof_long_long=8
ac_cv_sizeof_off_t=8
ac_cv_sizeof_short=2
ac_cv_sizeof_size_t=8
ac_cv_struct_tm=time.h
ac_cv_sys_file_offset_bits=no
ac_cv_sys_largefile_CC=no
ac_cv_type_int16_t=yes
ac_cv_type_int32_t=yes
ac_cv_type_int64_t=yes
ac_cv_type_int8_t=yes
ac_cv_type_ssize_t=yes
ac_cv_type_uint16_t=yes
ac_cv_type_uint32_t=yes
ac_cv_type_uint64_t=yes
ac_cv_type_uint8_t=yes
ac_cv_win32_host=no
am_cv_CC_dependencies_compiler_type=gcc3
am_cv_make_support_nested_variables=yes
am_cv_prog_cc_c_o=yes
gl_cv_cc_visibility=yes
id_cv_lib_zlib_ok=yes
lt_cv_apple_cc_single_mod=yes
lt_cv_ar_at_file=no
lt_cv_deplibs_check_method=pass_all
lt_cv_file_magic_cmd='$MAGIC_CMD'
lt_cv_file_magic_test_file=
lt_cv_ld_exported_symbols_list=yes
lt_cv_ld_force_load=yes
lt_cv_ld_reload_flag=-r
lt_cv_nm_interface='BSD nm'
lt_cv_objdir=.libs
lt_cv_path_LD=/Applications/Xcode.app/Contents/Developer/Toolchains/XcodeDefault.xctoolchain/usr/bin/ld
lt_cv_path_NM='/usr/bin/nm -B'
lt_cv_path_mainfest_tool=no
lt_cv_prog_compiler_c_o=yes
lt_cv_prog_compiler_pic='-fno-common -DPIC'
lt_cv_prog_compiler_pic_works=yes
lt_cv_prog_compiler_rtti_exceptions=yes
lt_cv_prog_compiler_static_works=no
lt_cv_prog_gnu_ld=no
lt_cv_sharedlib_from_linklib_cmd='printf %s\n'
lt_cv_sys_global_symbol_pipe='sed -n -e '\''s/^.*[	 ]\([BCDEGRST][BCDEGRST]*\)[	 ][	 ]*_\([_A-Za-z][_A-Za-z0-9]*\)$/\1 _\2 \2/p'\'' | sed '\''/ __gnu_lto/d'\'''
lt_cv_sys_global_symbol_to_c_name_address='sed -n -e '\''s/^: \([^ ]*\)[ ]*$/  {\"\1\", (void *) 0},/p'\'' -e '\''s/^[BCDEGRST]* \([^ ]*\) \([^ ]*\)$/  {"\2", (void *) \&\2},/p'\'''
lt_cv_sys_global_symbol_to_c_name_address_lib_prefix='sed -n -e '\''s/^: \([^ ]*\)[ ]*$/  {\"\1\", (void *) 0},/p'\'' -e '\''s/^[BCDEGRST]* \([^ ]*\) \(lib[^ ]*\)$/  {"\2", (void *) \&\2},/p'\'' -e '\''s/^[BCDEGRST]* \([^ ]*\) \([^ ]*\)$/  {"lib\2", (void *) \&\2},/p'\'''
lt_cv_sys_global_symbol_to_cdecl='sed -n -e '\''s/^T .* \(.*\)$/extern int \1();/p'\'' -e '\''s/^[BCDEGRST]* .* \(.*\)$/extern char \1;/p'\'''
lt_cv_sys_max_cmd_len=196608
lt_cv_to_host_file_cmd=func_convert_file_noop
lt_cv_to_tool_file_cmd=func_convert_file_noop

## ----------------- ##
## Output variables. ##
## ----------------- ##

ACLOCAL='${SHELL} "/Users/jeromevernet/Documents/dev/HATARIFrameworks/Hatari Frameworks/Sources/HatariFrameworks/libzip-1.1.3/missing" aclocal-1.15'
AMDEPBACKSLASH='\'
AMDEP_FALSE='#'
AMDEP_TRUE=''
AMTAR='$${TAR-tar}'
AM_BACKSLASH='\'
AM_DEFAULT_V='$(AM_DEFAULT_VERBOSITY)'
AM_DEFAULT_VERBOSITY='1'
AM_V='$(V)'
AR='ar'
AUTOCONF='${SHELL} "/Users/jeromevernet/Documents/dev/HATARIFrameworks/Hatari Frameworks/Sources/HatariFrameworks/libzip-1.1.3/missing" autoconf'
AUTOHEADER='${SHELL} "/Users/jeromevernet/Documents/dev/HATARIFrameworks/Hatari Frameworks/Sources/HatariFrameworks/libzip-1.1.3/missing" autoheader'
AUTOMAKE='${SHELL} "/Users/jeromevernet/Documents/dev/HATARIFrameworks/Hatari Frameworks/Sources/HatariFrameworks/libzip-1.1.3/missing" automake-1.15'
AWK='awk'
CC='gcc'
CCDEPMODE='depmode=gcc3'
CFLAGS='-g -O2'
CFLAG_VISIBILITY='-fvisibility=hidden'
CPP='gcc -E'
CPPFLAGS=''
CYGPATH_W='echo'
DEFS='-DHAVE_CONFIG_H'
DEPDIR='.deps'
DLLTOOL='false'
DSYMUTIL='dsymutil'
DUMPBIN=''
ECHO_C='\c'
ECHO_N=''
ECHO_T=''
EGREP='/usr/bin/grep -E'
EXEEXT=''
FGREP='/usr/bin/grep -F'
GREP='/usr/bin/grep'
HAVE_VISIBILITY='1'
INSTALL_DATA='${INSTALL} -m 644'
INSTALL_PROGRAM='${INSTALL}'
INSTALL_SCRIPT='${INSTALL}'
INSTALL_STRIP_PROGRAM='$(install_sh) -c -s'
LD='/Applications/Xcode.app/Contents/Developer/Toolchains/XcodeDefault.xctoolchain/usr/bin/ld'
LDFLAGS=''
LIBOBJS=''
LIBS='-lz '
LIBTOOL='$(SHELL) $(top_builddir)/libtool'
LIPO='lipo'
LN_S='ln -s'
LTLIBOBJS=''
MAKEINFO='${SHELL} "/Users/jeromevernet/Documents/dev/HATARIFrameworks/Hatari Frameworks/Sources/HatariFrameworks/libzip-1.1.3/missing" makeinfo'
MANFMT='man'
MANIFEST_TOOL=':'
MKDIR_P='./install-sh -c -d'
NM='/usr/bin/nm -B'
NMEDIT='nmedit'
OBJDUMP='objdump'
OBJEXT='o'
OTOOL64=':'
OTOOL='otool'
PACKAGE='libzip'
PACKAGE_BUGREPORT='libzip@nih.at'
PACKAGE_NAME='libzip'
PACKAGE_STRING='libzip 1.1.3'
PACKAGE_TARNAME='libzip'
PACKAGE_URL=''
PACKAGE_VERSION='1.1.3'
PATH_SEPARATOR=':'
PKG_CONFIG_RPATH=''
RANLIB='ranlib'
SED='/usr/bin/sed'
SET_MAKE=''
SHELL='/bin/sh'
STRIP='strip'
VERSION='1.1.3'
WIN32_HOST_FALSE=''
WIN32_HOST_TRUE='#'
ac_ct_AR='ar'
ac_ct_CC='gcc'
ac_ct_DUMPBIN=''
am__EXEEXT_FALSE=''
am__EXEEXT_TRUE='#'
am__fastdepCC_FALSE='#'
am__fastdepCC_TRUE=''
am__include='include'
am__isrc=''
am__leading_dot='.'
am__nodep='_no'
am__quote=''
am__tar='$${TAR-tar} chof - "$$tardir"'
am__untar='$${TAR-tar} xf -'
bindir='${exec_prefix}/bin'
build='x86_64-apple-darwin17.7.0'
build_alias=''
build_cpu='x86_64'
build_os='darwin17.7.0'
build_vendor='apple'
datadir='${datarootdir}'
datarootdir='${prefix}/share'
docdir='${datarootdir}/doc/${PACKAGE_TARNAME}'
dvidir='${docdir}'
exec_prefix='${prefix}'
host='x86_64-apple-darwin17.7.0'
host_alias=''
host_cpu='x86_64'
host_os='darwin17.7.0'
host_vendor='apple'
htmldir='${docdir}'
includedir='${prefix}/include'
infodir='${datarootdir}/info'
install_sh='${SHELL} '\''/Users/jeromevernet/Documents/dev/HATARIFrameworks/Hatari Frameworks/Sources/HatariFrameworks/libzip-1.1.3/install-sh'\'''
libdir='${exec_prefix}/lib'
libexecdir='${exec_prefix}/libexec'
localedir='${datarootdir}/locale'
localstatedir='${prefix}/var'
mandir='${datarootdir}/man'
mkdir_p='$(MKDIR_P)'
oldincludedir='/usr/include'
pdfdir='${docdir}'
prefix='/usr/local'
program_transform_name='s,x,x,'
psdir='${docdir}'
sbindir='${exec_prefix}/sbin'
sharedstatedir='${prefix}/com'
sysconfdir='${prefix}/etc'
target_alias=''

## ----------- ##
## confdefs.h. ##
## ----------- ##

/* confdefs.h */
#define PACKAGE_NAME "libzip"
#define PACKAGE_TARNAME "libzip"
#define PACKAGE_VERSION "1.1.3"
#define PACKAGE_STRING "libzip 1.1.3"
#define PACKAGE_BUGREPORT "libzip@nih.at"
#define PACKAGE_URL ""
#define PACKAGE "libzip"
#define VERSION "1.1.3"
#define HAVE_LIBZ 1
#define STDC_HEADERS 1
#define HAVE_SYS_TYPES_H 1
#define HAVE_SYS_STAT_H 1
#define HAVE_STDLIB_H 1
#define HAVE_STRING_H 1
#define HAVE_MEMORY_H 1
#define HAVE_STRINGS_H 1
#define HAVE_INTTYPES_H 1
#define HAVE_STDINT_H 1
#define HAVE_UNISTD_H 1
#define HAVE_DLFCN_H 1
#define LT_OBJDIR ".libs/"
#define HAVE_FILENO 1
#define HAVE_FSEEKO 1
#define HAVE_FTELLO 1
#define HAVE_GETOPT 1
#define HAVE_GETPROGNAME 1
#define HAVE_OPEN 1
#define HAVE_SETMODE 1
#define HAVE_SNPRINTF 1
#define HAVE_STRCASECMP 1
#define HAVE_STRDUP 1
#define HAVE_MKSTEMP 1
#define HAVE___PROGNAME 1
#define HAVE_FTS_H 1
#define HAVE_STDBOOL_H 1
#define HAVE_STRINGS_H 1
#define HAVE_UNISTD_H 1
#define HAVE_INT8_T 1
#define HAVE_INT16_T 1
#define HAVE_INT32_T 1
#define HAVE_INT64_T 1
#define HAVE_UINT8_T 1
#define HAVE_UINT16_T 1
#define HAVE_UINT32_T 1
#define HAVE_UINT64_T 1
#define HAVE_SSIZE_T 1
#define SIZEOF_SHORT 2
#define SIZEOF_INT 4
#define SIZEOF_LONG 8
#define SIZEOF_LONG_LONG 8
#define SIZEOF_OFF_T 8
#define SIZEOF_SIZE_T 8
#define HAVE_STRUCT_TM_TM_ZONE 1
#define HAVE_TM_ZONE 1
#define HAVE_VISIBILITY 1

configure: exit 1
